2020-11-14 21:12:47,603 [Worker-6: Loading available Gradle versions] INFO  o.e.b.c.i.u.g.PublishedGradleVersions - Gradle version information cache is out-of-date. Trying to update.
2020-11-17 20:53:02,925 [Worker-0: Loading available Gradle versions] INFO  o.e.b.c.i.u.g.PublishedGradleVersions - Gradle version information cache is out-of-date. Trying to update.
2020-11-19 12:32:50,244 [Worker-7: Loading available Gradle versions] INFO  o.e.b.c.i.u.g.PublishedGradleVersions - Gradle version information cache is out-of-date. Trying to update.
2020-11-19 12:33:29,469 [Worker-19: Update Maven projects configuration] INFO  o.e.m.c.i.p.ProjectConfigurationManager - Update started
2020-11-19 12:33:29,632 [Worker-19: Update Maven projects configuration] INFO  o.e.m.c.i.p.ProjectConfigurationManager - Update completed: 0 sec
2020-11-19 12:33:43,955 [Worker-19: Building] INFO  o.e.m.c.i.l.LifecycleMappingFactory - Using org.eclipse.m2e.jdt.JarLifecycleMapping lifecycle mapping for MavenProject: pet:petshop:0.0.1-SNAPSHOT @ E:\FPT EDUCATION\DOANTOTNGHIEP\PetShop-master\pom.xml.
2020-11-19 12:33:51,512 [Worker-19: Building] INFO  o.e.m.c.i.embedder.EclipseLogger - Using 'UTF-8' encoding to copy filtered resources.
2020-11-19 12:33:51,545 [Worker-19: Building] INFO  o.e.m.c.i.embedder.EclipseLogger - Copying 1 resource
2020-11-19 12:33:51,591 [Worker-19: Building] INFO  o.e.m.c.i.embedder.EclipseLogger - Copying 1570 resources
2020-11-19 12:33:52,052 [Worker-6: Updating Maven Dependencies] INFO  o.e.m.c.i.l.LifecycleMappingFactory - Using org.eclipse.m2e.jdt.JarLifecycleMapping lifecycle mapping for MavenProject: pet:petshop:0.0.1-SNAPSHOT @ E:\FPT EDUCATION\DOANTOTNGHIEP\PetShop-master\pom.xml.
2020-11-19 12:33:53,443 [Worker-3: Download sources and javadoc] INFO  o.e.m.c.i.e.AbstractTransferListenerAdapter - Downloading https://repo.maven.apache.org/maven2/nz/net/ultraq/thymeleaf/thymeleaf-layout-dialect/2.4.1/thymeleaf-layout-dialect-2.4.1-sources.jar
2020-11-19 12:33:53,998 [Worker-3: Download sources and javadoc] INFO  o.e.m.c.i.e.AbstractTransferListenerAdapter - Downloaded https://repo.maven.apache.org/maven2/nz/net/ultraq/thymeleaf/thymeleaf-layout-dialect/2.4.1/thymeleaf-layout-dialect-2.4.1-sources.jar
2020-11-19 12:33:54,263 [Worker-3: Download sources and javadoc] INFO  o.e.m.j.internal.DownloadSourcesJob - Downloaded sources for nz.net.ultraq.thymeleaf:thymeleaf-layout-dialect:2.4.1
2020-11-19 12:33:55,070 [Worker-3: Download sources and javadoc] INFO  o.e.m.c.i.e.AbstractTransferListenerAdapter - Downloading https://repo.maven.apache.org/maven2/nz/net/ultraq/thymeleaf/thymeleaf-expression-processor/1.1.3/thymeleaf-expression-processor-1.1.3-sources.jar
2020-11-19 12:33:55,501 [Worker-3: Download sources and javadoc] INFO  o.e.m.c.i.e.AbstractTransferListenerAdapter - Downloaded https://repo.maven.apache.org/maven2/nz/net/ultraq/thymeleaf/thymeleaf-expression-processor/1.1.3/thymeleaf-expression-processor-1.1.3-sources.jar
2020-11-19 12:33:55,659 [Worker-3: Download sources and javadoc] INFO  o.e.m.j.internal.DownloadSourcesJob - Downloaded sources for nz.net.ultraq.thymeleaf:thymeleaf-expression-processor:1.1.3
2020-11-19 12:33:56,492 [Worker-3: Download sources and javadoc] INFO  o.e.m.c.i.e.AbstractTransferListenerAdapter - Downloading https://repo.maven.apache.org/maven2/org/codehaus/groovy/groovy/2.5.13/groovy-2.5.13-sources.jar
2020-11-19 12:33:58,074 [Worker-3: Download sources and javadoc] INFO  o.e.m.c.i.e.AbstractTransferListenerAdapter - Downloaded https://repo.maven.apache.org/maven2/org/codehaus/groovy/groovy/2.5.13/groovy-2.5.13-sources.jar
2020-11-19 12:33:58,377 [Worker-3: Download sources and javadoc] INFO  o.e.m.j.internal.DownloadSourcesJob - Downloaded sources for org.codehaus.groovy:groovy:2.5.13
2020-11-19 12:33:59,194 [Worker-3: Download sources and javadoc] INFO  o.e.m.c.i.e.AbstractTransferListenerAdapter - Downloading https://repo.maven.apache.org/maven2/ognl/ognl/3.1.12/ognl-3.1.12-sources.jar
2020-11-19 12:33:59,957 [Worker-3: Download sources and javadoc] INFO  o.e.m.c.i.e.AbstractTransferListenerAdapter - Downloaded https://repo.maven.apache.org/maven2/ognl/ognl/3.1.12/ognl-3.1.12-sources.jar
2020-11-19 12:34:00,295 [Worker-3: Download sources and javadoc] INFO  o.e.m.j.internal.DownloadSourcesJob - Downloaded sources for ognl:ognl:3.1.12
2020-11-19 12:34:12,374 [Worker-19: Building] INFO  o.e.m.c.i.embedder.EclipseLogger - Using 'UTF-8' encoding to copy filtered resources.
2020-11-19 12:34:12,374 [Worker-19: Building] INFO  o.e.m.c.i.embedder.EclipseLogger - skip non existing resourceDirectory E:\FPT EDUCATION\DOANTOTNGHIEP\PetShop-master\src\test\resources
2020-11-19 12:34:14,297 [Worker-20: Building] INFO  o.e.m.c.i.embedder.EclipseLogger - Using 'UTF-8' encoding to copy filtered resources.
2020-11-19 12:34:14,438 [Worker-20: Building] INFO  o.e.m.c.i.embedder.EclipseLogger - Copying 1 resource
2020-11-19 12:34:14,485 [Worker-20: Building] INFO  o.e.m.c.i.embedder.EclipseLogger - Copying 1570 resources
2020-11-19 12:34:14,561 [Worker-20: Building] INFO  o.e.m.c.i.embedder.EclipseLogger - Using 'UTF-8' encoding to copy filtered resources.
2020-11-19 12:34:14,562 [Worker-20: Building] INFO  o.e.m.c.i.embedder.EclipseLogger - skip non existing resourceDirectory E:\FPT EDUCATION\DOANTOTNGHIEP\PetShop-master\src\test\resources
2020-11-19 12:37:54,319 [main] INFO  o.e.m2e.actions.ExecutePomAction - Creating new launch configuration
2020-11-19 12:38:02,239 [Worker-8: Launching PetShop-master] INFO  o.e.m.i.launch.MavenLaunchDelegate - E:\FPT EDUCATION\DOANTOTNGHIEP\PetShop-master
2020-11-19 12:38:02,239 [Worker-8: Launching PetShop-master] INFO  o.e.m.i.launch.MavenLaunchDelegate -  mvn -B 
2020-11-19 12:38:02,337 [Worker-14: Building] INFO  o.e.m.c.i.embedder.EclipseLogger - Using 'UTF-8' encoding to copy filtered resources.
2020-11-19 12:38:02,338 [Worker-14: Building] INFO  o.e.m.c.i.embedder.EclipseLogger - Copying 0 resource
2020-11-19 12:38:02,338 [Worker-14: Building] INFO  o.e.m.c.i.embedder.EclipseLogger - Copying 0 resource
2020-11-19 12:38:02,340 [Worker-14: Building] INFO  o.e.m.c.i.embedder.EclipseLogger - Using 'UTF-8' encoding to copy filtered resources.
2020-11-19 12:38:02,340 [Worker-14: Building] INFO  o.e.m.c.i.embedder.EclipseLogger - skip non existing resourceDirectory E:\FPT EDUCATION\DOANTOTNGHIEP\PetShop-master\src\test\resources
